<?xml version="1.0" encoding="UTF-8"?>
<!-- Generated by org.testng.reporters.JUnitXMLReporter -->
<testsuite ignored="0" hostname="LAPTOP-N9575GUA" failures="2" tests="21" name="Default test" time="136.735" errors="0" timestamp="2021-01-14T15:06:08 IST">
  <testcase classname="finalProject_zapGuitars.footerTest" name="aboutLinkTest" time="5.812"/>
  <testcase classname="finalProject_zapGuitars.footerTest" name="termsLink" time="6.742"/>
  <testcase classname="finalProject_zapGuitars.footerTest" name="personalAreaLink" time="5.435"/>
  <testcase classname="finalProject_zapGuitars.footerTest" name="contactLink" time="6.334"/>
  <testcase classname="finalProject_zapGuitars.footerTest" name="QnALink" time="5.68"/>
  <testcase classname="finalProject_zapGuitars.footerTest" name="shopGuideLink" time="6.212"/>
  <testcase classname="finalProject_zapGuitars.footerTest" name="priceDropLink" time="5.615"/>
  <testcase classname="finalProject_zapGuitars.footerTest" name="allCategoriesLink" time="5.941"/>
  <testcase classname="finalProject_zapGuitars.footerTest" name="reviewsLink" time="5.878"/>
  <testcase classname="finalProject_zapGuitars.footerTest" name="logInLink" time="3.264"/>
  <testcase classname="finalProject_zapGuitars.footerTest" name="shopingILLink" time="5.965"/>
  <testcase classname="finalProject_zapGuitars.footerTest" name="addYourShopLink" time="6.12"/>
  <testcase classname="finalProject_zapGuitars.footerTest" name="adLink" time="5.48"/>
  <testcase classname="finalProject_zapGuitars.footerTest" name="shopsAndImportsLink" time="6.728"/>
  <testcase classname="finalProject_zapGuitars.footerTest" name="adInterfaceLink" time="4.282">
    <failure type="java.lang.AssertionError" message="Advertising interface Link title incorrect expected [true] but found [false]">
      <![CDATA[java.lang.AssertionError: Advertising interface Link title incorrect expected [true] but found [false]
at org.testng.Assert.fail(Assert.java:97)
at org.testng.Assert.assertEqualsImpl(Assert.java:136)
at org.testng.Assert.assertEquals(Assert.java:118)
at org.testng.Assert.assertEquals(Assert.java:751)
at finalProject_zapGuitars.footerTest.adInterfaceLink(footerTest.java:381)
at java.base/jdk.internal.reflect.NativeMethodAccessorImpl.invoke0(Native Method)
at java.base/jdk.internal.reflect.NativeMethodAccessorImpl.invoke(NativeMethodAccessorImpl.java:64)
at java.base/jdk.internal.reflect.DelegatingMethodAccessorImpl.invoke(DelegatingMethodAccessorImpl.java:43)
at java.base/java.lang.reflect.Method.invoke(Method.java:564)
at org.testng.internal.MethodInvocationHelper.invokeMethod(MethodInvocationHelper.java:134)
at org.testng.internal.TestInvoker.invokeMethod(TestInvoker.java:597)
at org.testng.internal.TestInvoker.invokeTestMethod(TestInvoker.java:173)
at org.testng.internal.MethodRunner.runInSequence(MethodRunner.java:46)
at org.testng.internal.TestInvoker$MethodInvocationAgent.invoke(TestInvoker.java:816)
at org.testng.internal.TestInvoker.invokeTestMethods(TestInvoker.java:146)
at org.testng.internal.TestMethodWorker.invokeTestMethods(TestMethodWorker.java:146)
at org.testng.internal.TestMethodWorker.run(TestMethodWorker.java:128)
at java.base/java.util.ArrayList.forEach(ArrayList.java:1511)
at org.testng.TestRunner.privateRun(TestRunner.java:766)
at org.testng.TestRunner.run(TestRunner.java:587)
at org.testng.SuiteRunner.runTest(SuiteRunner.java:384)
at org.testng.SuiteRunner.runSequentially(SuiteRunner.java:378)
at org.testng.SuiteRunner.privateRun(SuiteRunner.java:337)
at org.testng.SuiteRunner.run(SuiteRunner.java:286)
at org.testng.SuiteRunnerWorker.runSuite(SuiteRunnerWorker.java:53)
at org.testng.SuiteRunnerWorker.run(SuiteRunnerWorker.java:96)
at org.testng.TestNG.runSuitesSequentially(TestNG.java:1187)
at org.testng.TestNG.runSuitesLocally(TestNG.java:1109)
at org.testng.TestNG.runSuites(TestNG.java:1039)
at org.testng.TestNG.run(TestNG.java:1007)
at org.testng.remote.AbstractRemoteTestNG.run(AbstractRemoteTestNG.java:115)
at org.testng.remote.RemoteTestNG.initAndRun(RemoteTestNG.java:251)
at org.testng.remote.RemoteTestNG.main(RemoteTestNG.java:77)
]]>
    </failure>
  </testcase> <!-- adInterfaceLink -->
  <testcase classname="finalProject_zapGuitars.footerTest" name="tourismLink" time="6.69"/>
  <testcase classname="finalProject_zapGuitars.footerTest" name="supermarketLink" time="6.899"/>
  <testcase classname="finalProject_zapGuitars.footerTest" name="dailyDealsLink" time="7.355"/>
  <testcase classname="finalProject_zapGuitars.footerTest" name="tavoLink" time="6.514">
    <failure type="java.lang.AssertionError" message="Tavo Link title incorrect expected [true] but found [false]">
      <![CDATA[java.lang.AssertionError: Tavo Link title incorrect expected [true] but found [false]
at org.testng.Assert.fail(Assert.java:97)
at org.testng.Assert.assertEqualsImpl(Assert.java:136)
at org.testng.Assert.assertEquals(Assert.java:118)
at org.testng.Assert.assertEquals(Assert.java:751)
at finalProject_zapGuitars.footerTest.tavoLink(footerTest.java:471)
at java.base/jdk.internal.reflect.NativeMethodAccessorImpl.invoke0(Native Method)
at java.base/jdk.internal.reflect.NativeMethodAccessorImpl.invoke(NativeMethodAccessorImpl.java:64)
at java.base/jdk.internal.reflect.DelegatingMethodAccessorImpl.invoke(DelegatingMethodAccessorImpl.java:43)
at java.base/java.lang.reflect.Method.invoke(Method.java:564)
at org.testng.internal.MethodInvocationHelper.invokeMethod(MethodInvocationHelper.java:134)
at org.testng.internal.TestInvoker.invokeMethod(TestInvoker.java:597)
at org.testng.internal.TestInvoker.invokeTestMethod(TestInvoker.java:173)
at org.testng.internal.MethodRunner.runInSequence(MethodRunner.java:46)
at org.testng.internal.TestInvoker$MethodInvocationAgent.invoke(TestInvoker.java:816)
at org.testng.internal.TestInvoker.invokeTestMethods(TestInvoker.java:146)
at org.testng.internal.TestMethodWorker.invokeTestMethods(TestMethodWorker.java:146)
at org.testng.internal.TestMethodWorker.run(TestMethodWorker.java:128)
at java.base/java.util.ArrayList.forEach(ArrayList.java:1511)
at org.testng.TestRunner.privateRun(TestRunner.java:766)
at org.testng.TestRunner.run(TestRunner.java:587)
at org.testng.SuiteRunner.runTest(SuiteRunner.java:384)
at org.testng.SuiteRunner.runSequentially(SuiteRunner.java:378)
at org.testng.SuiteRunner.privateRun(SuiteRunner.java:337)
at org.testng.SuiteRunner.run(SuiteRunner.java:286)
at org.testng.SuiteRunnerWorker.runSuite(SuiteRunnerWorker.java:53)
at org.testng.SuiteRunnerWorker.run(SuiteRunnerWorker.java:96)
at org.testng.TestNG.runSuitesSequentially(TestNG.java:1187)
at org.testng.TestNG.runSuitesLocally(TestNG.java:1109)
at org.testng.TestNG.runSuites(TestNG.java:1039)
at org.testng.TestNG.run(TestNG.java:1007)
at org.testng.remote.AbstractRemoteTestNG.run(AbstractRemoteTestNG.java:115)
at org.testng.remote.RemoteTestNG.initAndRun(RemoteTestNG.java:251)
at org.testng.remote.RemoteTestNG.main(RemoteTestNG.java:77)
]]>
    </failure>
  </testcase> <!-- tavoLink -->
  <testcase classname="finalProject_zapGuitars.footerTest" name="wisebuyLink" time="6.643"/>
  <testcase classname="finalProject_zapGuitars.footerTest" name="zap360Link" time="7.258"/>
</testsuite> <!-- Default test -->
