<?xml version="1.0" encoding="UTF-8"?>
<!-- Generated by org.testng.reporters.JUnitReportReporter -->
<testsuite hostname="LAPTOP-N9575GUA" failures="1" tests="7" name="finalProject_zapGuitars.multiChoiceWindow" time="148.994" errors="0" timestamp="2021-02-23T09:35:24 IST" skipped="0">
  <testcase classname="finalProject_zapGuitars.multiChoiceWindow" name="MoreManufacturer" time="15.205"/>
  <system-out/>
  <testcase classname="finalProject_zapGuitars.multiChoiceWindow" name="openMultiChoiceWindow" time="11.209"/>
  <system-out/>
  <testcase classname="finalProject_zapGuitars.multiChoiceWindow" name="chooseOneFilter" time="14.222"/>
  <system-out/>
  <testcase classname="finalProject_zapGuitars.multiChoiceWindow" name="oneFilterOnly" time="34.443"/>
  <system-out/>
  <testcase classname="finalProject_zapGuitars.multiChoiceWindow" name="alphabeticalOrder" time="15.788"/>
  <system-out/>
  <testcase classname="finalProject_zapGuitars.multiChoiceWindow" name="numericalOrder" time="4.848"/>
  <system-out/>
  <testcase classname="finalProject_zapGuitars.multiChoiceWindow" name="checkingBoxes" time="53.279">
    <failure message="Filter or List are incorrect expected [false] but found [true]" type="java.lang.AssertionError">
      <![CDATA[java.lang.AssertionError: Filter or List are incorrect expected [false] but found [true]
at org.testng.Assert.fail(Assert.java:97)
at org.testng.Assert.assertEqualsImpl(Assert.java:136)
at org.testng.Assert.assertEquals(Assert.java:118)
at org.testng.Assert.assertEquals(Assert.java:751)
at finalProject_zapGuitars.multiChoiceWindow.checkingBoxes(multiChoiceWindow.java:263)
at java.base/jdk.internal.reflect.NativeMethodAccessorImpl.invoke0(Native Method)
at java.base/jdk.internal.reflect.NativeMethodAccessorImpl.invoke(NativeMethodAccessorImpl.java:64)
at java.base/jdk.internal.reflect.DelegatingMethodAccessorImpl.invoke(DelegatingMethodAccessorImpl.java:43)
at java.base/java.lang.reflect.Method.invoke(Method.java:564)
at org.testng.internal.MethodInvocationHelper.invokeMethod(MethodInvocationHelper.java:134)
at org.testng.internal.TestInvoker.invokeMethod(TestInvoker.java:597)
at org.testng.internal.TestInvoker.invokeTestMethod(TestInvoker.java:173)
at org.testng.internal.MethodRunner.runInSequence(MethodRunner.java:46)
at org.testng.internal.TestInvoker$MethodInvocationAgent.invoke(TestInvoker.java:816)
at org.testng.internal.TestInvoker.invokeTestMethods(TestInvoker.java:146)
at org.testng.internal.TestMethodWorker.invokeTestMethods(TestMethodWorker.java:146)
at org.testng.internal.TestMethodWorker.run(TestMethodWorker.java:128)
at java.base/java.util.ArrayList.forEach(ArrayList.java:1511)
at org.testng.TestRunner.privateRun(TestRunner.java:766)
at org.testng.TestRunner.run(TestRunner.java:587)
at org.testng.SuiteRunner.runTest(SuiteRunner.java:384)
at org.testng.SuiteRunner.runSequentially(SuiteRunner.java:378)
at org.testng.SuiteRunner.privateRun(SuiteRunner.java:337)
at org.testng.SuiteRunner.run(SuiteRunner.java:286)
at org.testng.SuiteRunnerWorker.runSuite(SuiteRunnerWorker.java:53)
at org.testng.SuiteRunnerWorker.run(SuiteRunnerWorker.java:96)
at org.testng.TestNG.runSuitesSequentially(TestNG.java:1187)
at org.testng.TestNG.runSuitesLocally(TestNG.java:1109)
at org.testng.TestNG.runSuites(TestNG.java:1039)
at org.testng.TestNG.run(TestNG.java:1007)
at org.testng.remote.AbstractRemoteTestNG.run(AbstractRemoteTestNG.java:115)
at org.testng.remote.RemoteTestNG.initAndRun(RemoteTestNG.java:251)
at org.testng.remote.RemoteTestNG.main(RemoteTestNG.java:77)
]]>
    </failure>
  </testcase> <!-- checkingBoxes -->
  <system-out/>
</testsuite> <!-- finalProject_zapGuitars.multiChoiceWindow -->
