<?xml version="1.0" encoding="UTF-8"?>
<!-- Generated by org.testng.reporters.JUnitReportReporter -->
<testsuite hostname="LAPTOP-N9575GUA" failures="2" tests="21" name="finalProject_zapGuitars.footerTest" time="146.755" errors="0" timestamp="2021-01-18T12:06:59 IST" skipped="0">
  <testcase classname="finalProject_zapGuitars.footerTest" name="aboutLinkTest" time="5.837"/>
  <system-out/>
  <testcase classname="finalProject_zapGuitars.footerTest" name="termsLink" time="5.894"/>
  <system-out/>
  <testcase classname="finalProject_zapGuitars.footerTest" name="personalAreaLink" time="5.751"/>
  <system-out/>
  <testcase classname="finalProject_zapGuitars.footerTest" name="contactLink" time="7.715"/>
  <system-out/>
  <testcase classname="finalProject_zapGuitars.footerTest" name="QnALink" time="7.341"/>
  <system-out/>
  <testcase classname="finalProject_zapGuitars.footerTest" name="shopGuideLink" time="7.285"/>
  <system-out/>
  <testcase classname="finalProject_zapGuitars.footerTest" name="priceDropLink" time="5.919"/>
  <system-out/>
  <testcase classname="finalProject_zapGuitars.footerTest" name="allCategoriesLink" time="5.885"/>
  <system-out/>
  <testcase classname="finalProject_zapGuitars.footerTest" name="reviewsLink" time="5.698"/>
  <system-out/>
  <testcase classname="finalProject_zapGuitars.footerTest" name="logInLink" time="3.299"/>
  <system-out/>
  <testcase classname="finalProject_zapGuitars.footerTest" name="shopingILLink" time="5.656"/>
  <system-out/>
  <testcase classname="finalProject_zapGuitars.footerTest" name="addYourShopLink" time="7.324"/>
  <system-out/>
  <testcase classname="finalProject_zapGuitars.footerTest" name="adLink" time="6.697"/>
  <system-out/>
  <testcase classname="finalProject_zapGuitars.footerTest" name="shopsAndImportsLink" time="6.342"/>
  <system-out/>
  <testcase classname="finalProject_zapGuitars.footerTest" name="adInterfaceLink" time="8.576">
    <failure message="Advertising interface Link title incorrect expected [true] but found [false]" type="java.lang.AssertionError">
      <![CDATA[java.lang.AssertionError: Advertising interface Link title incorrect expected [true] but found [false]
at org.testng.Assert.fail(Assert.java:97)
at org.testng.Assert.assertEqualsImpl(Assert.java:136)
at org.testng.Assert.assertEquals(Assert.java:118)
at org.testng.Assert.assertEquals(Assert.java:751)
at finalProject_zapGuitars.footerTest.adInterfaceLink(footerTest.java:397)
at java.base/jdk.internal.reflect.NativeMethodAccessorImpl.invoke0(Native Method)
at java.base/jdk.internal.reflect.NativeMethodAccessorImpl.invoke(NativeMethodAccessorImpl.java:64)
at java.base/jdk.internal.reflect.DelegatingMethodAccessorImpl.invoke(DelegatingMethodAccessorImpl.java:43)
at java.base/java.lang.reflect.Method.invoke(Method.java:564)
at org.testng.internal.MethodInvocationHelper.invokeMethod(MethodInvocationHelper.java:134)
at org.testng.internal.TestInvoker.invokeMethod(TestInvoker.java:597)
at org.testng.internal.TestInvoker.invokeTestMethod(TestInvoker.java:173)
at org.testng.internal.MethodRunner.runInSequence(MethodRunner.java:46)
at org.testng.internal.TestInvoker$MethodInvocationAgent.invoke(TestInvoker.java:816)
at org.testng.internal.TestInvoker.invokeTestMethods(TestInvoker.java:146)
at org.testng.internal.TestMethodWorker.invokeTestMethods(TestMethodWorker.java:146)
at org.testng.internal.TestMethodWorker.run(TestMethodWorker.java:128)
at java.base/java.util.ArrayList.forEach(ArrayList.java:1511)
at org.testng.TestRunner.privateRun(TestRunner.java:766)
at org.testng.TestRunner.run(TestRunner.java:587)
at org.testng.SuiteRunner.runTest(SuiteRunner.java:384)
at org.testng.SuiteRunner.runSequentially(SuiteRunner.java:378)
at org.testng.SuiteRunner.privateRun(SuiteRunner.java:337)
at org.testng.SuiteRunner.run(SuiteRunner.java:286)
at org.testng.SuiteRunnerWorker.runSuite(SuiteRunnerWorker.java:53)
at org.testng.SuiteRunnerWorker.run(SuiteRunnerWorker.java:96)
at org.testng.TestNG.runSuitesSequentially(TestNG.java:1187)
at org.testng.TestNG.runSuitesLocally(TestNG.java:1109)
at org.testng.TestNG.runSuites(TestNG.java:1039)
at org.testng.TestNG.run(TestNG.java:1007)
at org.testng.remote.AbstractRemoteTestNG.run(AbstractRemoteTestNG.java:115)
at org.testng.remote.RemoteTestNG.initAndRun(RemoteTestNG.java:251)
at org.testng.remote.RemoteTestNG.main(RemoteTestNG.java:77)
]]>
    </failure>
  </testcase> <!-- adInterfaceLink -->
  <system-out/>
  <testcase classname="finalProject_zapGuitars.footerTest" name="tourismLink" time="11.072"/>
  <system-out/>
  <testcase classname="finalProject_zapGuitars.footerTest" name="supermarketLink" time="6.766"/>
  <system-out/>
  <testcase classname="finalProject_zapGuitars.footerTest" name="dailyDealsLink" time="9.768"/>
  <system-out/>
  <testcase classname="finalProject_zapGuitars.footerTest" name="tavoLink" time="9.729">
    <failure message="Tavo Link title incorrect expected [true] but found [false]" type="java.lang.AssertionError">
      <![CDATA[java.lang.AssertionError: Tavo Link title incorrect expected [true] but found [false]
at org.testng.Assert.fail(Assert.java:97)
at org.testng.Assert.assertEqualsImpl(Assert.java:136)
at org.testng.Assert.assertEquals(Assert.java:118)
at org.testng.Assert.assertEquals(Assert.java:751)
at finalProject_zapGuitars.footerTest.tavoLink(footerTest.java:488)
at java.base/jdk.internal.reflect.NativeMethodAccessorImpl.invoke0(Native Method)
at java.base/jdk.internal.reflect.NativeMethodAccessorImpl.invoke(NativeMethodAccessorImpl.java:64)
at java.base/jdk.internal.reflect.DelegatingMethodAccessorImpl.invoke(DelegatingMethodAccessorImpl.java:43)
at java.base/java.lang.reflect.Method.invoke(Method.java:564)
at org.testng.internal.MethodInvocationHelper.invokeMethod(MethodInvocationHelper.java:134)
at org.testng.internal.TestInvoker.invokeMethod(TestInvoker.java:597)
at org.testng.internal.TestInvoker.invokeTestMethod(TestInvoker.java:173)
at org.testng.internal.MethodRunner.runInSequence(MethodRunner.java:46)
at org.testng.internal.TestInvoker$MethodInvocationAgent.invoke(TestInvoker.java:816)
at org.testng.internal.TestInvoker.invokeTestMethods(TestInvoker.java:146)
at org.testng.internal.TestMethodWorker.invokeTestMethods(TestMethodWorker.java:146)
at org.testng.internal.TestMethodWorker.run(TestMethodWorker.java:128)
at java.base/java.util.ArrayList.forEach(ArrayList.java:1511)
at org.testng.TestRunner.privateRun(TestRunner.java:766)
at org.testng.TestRunner.run(TestRunner.java:587)
at org.testng.SuiteRunner.runTest(SuiteRunner.java:384)
at org.testng.SuiteRunner.runSequentially(SuiteRunner.java:378)
at org.testng.SuiteRunner.privateRun(SuiteRunner.java:337)
at org.testng.SuiteRunner.run(SuiteRunner.java:286)
at org.testng.SuiteRunnerWorker.runSuite(SuiteRunnerWorker.java:53)
at org.testng.SuiteRunnerWorker.run(SuiteRunnerWorker.java:96)
at org.testng.TestNG.runSuitesSequentially(TestNG.java:1187)
at org.testng.TestNG.runSuitesLocally(TestNG.java:1109)
at org.testng.TestNG.runSuites(TestNG.java:1039)
at org.testng.TestNG.run(TestNG.java:1007)
at org.testng.remote.AbstractRemoteTestNG.run(AbstractRemoteTestNG.java:115)
at org.testng.remote.RemoteTestNG.initAndRun(RemoteTestNG.java:251)
at org.testng.remote.RemoteTestNG.main(RemoteTestNG.java:77)
]]>
    </failure>
  </testcase> <!-- tavoLink -->
  <system-out/>
  <testcase classname="finalProject_zapGuitars.footerTest" name="wisebuyLink" time="7.498"/>
  <system-out/>
  <testcase classname="finalProject_zapGuitars.footerTest" name="zap360Link" time="6.703"/>
  <system-out/>
</testsuite> <!-- finalProject_zapGuitars.footerTest -->
