<?xml version="1.0" encoding="UTF-8"?>
<testng-results ignored="0" total="1" passed="0" failed="1" skipped="0">
  <reporter-output>
  </reporter-output>
  <suite started-at="2021-01-12T17:29:39 IST" name="Default suite" finished-at="2021-01-12T17:29:49 IST" duration-ms="10268">
    <groups>
      <group name="search_box">
        <method signature="navigateToGuitars.searchBox_guitar()[pri:1, instance:finalProject_zapGuitars.navigateToGuitars@12e61fe6]" name="searchBox_guitar" class="finalProject_zapGuitars.navigateToGuitars"/>
      </group> <!-- search_box -->
    </groups>
    <test started-at="2021-01-12T17:29:39 IST" name="Default test" finished-at="2021-01-12T17:29:49 IST" duration-ms="10268">
      <class name="finalProject_zapGuitars.navigateToGuitars">
        <test-method is-config="true" signature="beforeClass()[pri:0, instance:finalProject_zapGuitars.navigateToGuitars@12e61fe6]" started-at="2021-01-12T17:29:39 IST" name="beforeClass" finished-at="2021-01-12T17:29:49 IST" duration-ms="9721" status="PASS">
          <reporter-output>
          </reporter-output>
        </test-method> <!-- beforeClass -->
        <test-method signature="searchBox_guitar()[pri:1, instance:finalProject_zapGuitars.navigateToGuitars@12e61fe6]" started-at="2021-01-12T17:29:49 IST" name="searchBox_guitar" finished-at="2021-01-12T17:29:49 IST" duration-ms="67" status="FAIL">
          <exception class="java.lang.AssertionError">
            <message>
              <![CDATA[An exception occurred expected [true] but found [false]]]>
            </message>
            <full-stacktrace>
              <![CDATA[java.lang.AssertionError: An exception occurred expected [true] but found [false]
at org.testng.Assert.fail(Assert.java:97)
at org.testng.Assert.assertEqualsImpl(Assert.java:136)
at org.testng.Assert.assertEquals(Assert.java:118)
at org.testng.Assert.assertEquals(Assert.java:751)
at finalProject_zapGuitars.navigateToGuitars.searchBox_guitar(navigateToGuitars.java:41)
at java.base/jdk.internal.reflect.NativeMethodAccessorImpl.invoke0(Native Method)
at java.base/jdk.internal.reflect.NativeMethodAccessorImpl.invoke(NativeMethodAccessorImpl.java:64)
at java.base/jdk.internal.reflect.DelegatingMethodAccessorImpl.invoke(DelegatingMethodAccessorImpl.java:43)
at java.base/java.lang.reflect.Method.invoke(Method.java:564)
at org.testng.internal.MethodInvocationHelper.invokeMethod(MethodInvocationHelper.java:134)
at org.testng.internal.TestInvoker.invokeMethod(TestInvoker.java:597)
at org.testng.internal.TestInvoker.invokeTestMethod(TestInvoker.java:173)
at org.testng.internal.MethodRunner.runInSequence(MethodRunner.java:46)
at org.testng.internal.TestInvoker$MethodInvocationAgent.invoke(TestInvoker.java:816)
at org.testng.internal.TestInvoker.invokeTestMethods(TestInvoker.java:146)
at org.testng.internal.TestMethodWorker.invokeTestMethods(TestMethodWorker.java:146)
at org.testng.internal.TestMethodWorker.run(TestMethodWorker.java:128)
at java.base/java.util.ArrayList.forEach(ArrayList.java:1511)
at org.testng.TestRunner.privateRun(TestRunner.java:766)
at org.testng.TestRunner.run(TestRunner.java:587)
at org.testng.SuiteRunner.runTest(SuiteRunner.java:384)
at org.testng.SuiteRunner.runSequentially(SuiteRunner.java:378)
at org.testng.SuiteRunner.privateRun(SuiteRunner.java:337)
at org.testng.SuiteRunner.run(SuiteRunner.java:286)
at org.testng.SuiteRunnerWorker.runSuite(SuiteRunnerWorker.java:53)
at org.testng.SuiteRunnerWorker.run(SuiteRunnerWorker.java:96)
at org.testng.TestNG.runSuitesSequentially(TestNG.java:1187)
at org.testng.TestNG.runSuitesLocally(TestNG.java:1109)
at org.testng.TestNG.runSuites(TestNG.java:1039)
at org.testng.TestNG.run(TestNG.java:1007)
at org.testng.remote.AbstractRemoteTestNG.run(AbstractRemoteTestNG.java:115)
at org.testng.remote.RemoteTestNG.initAndRun(RemoteTestNG.java:251)
at org.testng.remote.RemoteTestNG.main(RemoteTestNG.java:77)
]]>
            </full-stacktrace>
          </exception> <!-- java.lang.AssertionError -->
          <reporter-output>
          </reporter-output>
        </test-method> <!-- searchBox_guitar -->
        <test-method is-config="true" signature="afterClass()[pri:0, instance:finalProject_zapGuitars.navigateToGuitars@12e61fe6]" started-at="2021-01-12T17:29:49 IST" name="afterClass" finished-at="2021-01-12T17:29:49 IST" duration-ms="453" status="PASS">
          <reporter-output>
          </reporter-output>
        </test-method> <!-- afterClass -->
      </class> <!-- finalProject_zapGuitars.navigateToGuitars -->
    </test> <!-- Default test -->
  </suite> <!-- Default suite -->
</testng-results>
